\BOOKMARK [1][]{section.1}{\376\377\116\000\060\001\000\040\200\314\146\157\116\313\176\315}{}% 1
\BOOKMARK [1][]{section.2}{\376\377\116\214\060\001\000\040\225\356\230\230\221\315\217\360}{}% 2
\BOOKMARK [1][]{section.3}{\376\377\116\011\060\001\000\040\225\356\230\230\122\006\147\220}{}% 3
\BOOKMARK [2][]{subsection.3.1}{\376\377\0003\000.\0001\000\040\225\356\230\230\116\000\166\204\122\006\147\220}{section.3}% 4
\BOOKMARK [2][]{subsection.3.2}{\376\377\0003\000.\0002\000\040\225\356\230\230\116\214\166\204\122\006\147\220}{section.3}% 5
\BOOKMARK [2][]{subsection.3.3}{\376\377\0003\000.\0003\000\040\225\356\230\230\116\011\166\204\122\006\147\220}{section.3}% 6
\BOOKMARK [1][]{section.4}{\376\377\126\333\060\001\000\040\152\041\127\213\120\107\213\276\116\345\123\312\173\046\123\367\213\364\146\016}{}% 7
\BOOKMARK [2][]{subsection.4.1}{\376\377\0004\000.\0001\000\040\152\041\127\213\120\107\213\276}{section.4}% 8
\BOOKMARK [2][]{subsection.4.2}{\376\377\0004\000.\0002\000\040\123\330\221\317\123\312\136\070\221\317\173\046\123\367\213\364\146\016}{section.4}% 9
\BOOKMARK [1][]{section.5}{\376\377\116\224\060\001\000\040\152\041\127\213\166\204\136\372\172\313\116\016\154\102\211\343}{}% 10
\BOOKMARK [2][]{subsection.5.1}{\376\377\0005\000.\0001\000\040\225\356\230\230\116\000\145\160\143\156\230\204\131\004\164\006}{section.5}% 11
\BOOKMARK [2][]{subsection.5.2}{\376\377\0005\000.\0002\000\040\225\356\230\230\116\000\117\341\215\067\230\316\226\151\221\317\123\026\122\006\147\220}{section.5}% 12
\BOOKMARK [2][]{subsection.5.3}{\376\377\0005\000.\0003\000\040\225\356\230\230\116\000\117\341\215\067\173\126\165\145\166\204\122\066\133\232}{section.5}% 13
\BOOKMARK [3][]{subsubsection.5.3.1}{\376\377\0005\000.\0003\000.\0001\000\040\117\341\215\067\230\235\136\246\166\204\170\156\133\232}{subsection.5.3}% 14
\BOOKMARK [3][]{subsubsection.5.3.2}{\376\377\0005\000.\0003\000.\0002\000\040\136\164\122\051\163\207\166\204\170\156\133\232}{subsection.5.3}% 15
\BOOKMARK [2][]{subsection.5.4}{\376\377\0005\000.\0004\000\040\225\356\230\230\116\214\152\041\127\213\136\372\172\313\116\016\154\102\211\343}{section.5}% 16
\BOOKMARK [2][]{subsection.5.5}{\376\377\0005\000.\0005\000\040\225\356\230\230\116\011\117\001\116\032\133\236\122\233\221\317\123\026\122\006\147\220}{section.5}% 17
\BOOKMARK [3][]{subsubsection.5.5.1}{\376\377\0005\000.\0005\000.\0001\000\040\134\102\153\041\133\232\116\111\123\312\122\044\145\255\167\351\226\065\147\204\220\040}{subsection.5.5}% 18
\BOOKMARK [1][]{section.6}{\376\377\121\155\060\001\000\040\121\166\133\203\134\017\122\237\200\375}{}% 19
\BOOKMARK [2][]{subsection.6.1}{\376\377\0006\000.\0001\000\040\201\032\154\350}{section.6}% 20
\BOOKMARK [2][]{subsection.6.2}{\376\377\0006\000.\0002\000\040\145\340\136\217\122\027\210\150\116\016\147\011\136\217\122\027\210\150}{section.6}% 21
\BOOKMARK [2][]{subsection.6.3}{\376\377\0006\000.\0003\000\040\133\127\117\123\122\240\174\227\116\016\145\234\117\123}{section.6}% 22
\BOOKMARK [1][]{section.7}{\376\377\116\003\060\001\000\040\123\302\200\003\145\207\163\056\116\016\137\025\165\050}{}% 23
\BOOKMARK [1][]{section*.9}{\376\377\123\302\200\003\145\207\163\056}{}% 24
\BOOKMARK [1][]{附录.a.A}{\376\377\226\104\137\125\000\040\000A\000\040\152\041\147\177\142\100\165\050\166\204\133\217\123\005}{}% 25
\BOOKMARK [1][]{附录.a.B}{\376\377\226\104\137\125\000\040\000B\000\040\143\222\226\037\173\227\154\325\040\023\000m\000a\000t\000l\000a\000b\000\040\156\220\172\013\136\217}{}% 26
\BOOKMARK [1][]{附录.a.C}{\376\377\226\104\137\125\000\040\000C\000\040\211\304\122\022\211\343\121\263\172\013\136\217\040\023\000l\000i\000n\000g\000o\156\220\116\343\170\001}{}% 27
